Determining if the pthread_create exist failed with the following output:
Change Dir: /home/robot/inmoov_ros/build/CMakeFiles/CMakeTmp

Run Build Command:"/usr/bin/make" "cmTC_f1b4c/fast"
/usr/bin/make -f CMakeFiles/cmTC_f1b4c.dir/build.make CMakeFiles/cmTC_f1b4c.dir/build
make[1]: Entering directory '/home/robot/inmoov_ros/build/CMakeFiles/CMakeTmp'
Building C object CMakeFiles/cmTC_f1b4c.dir/CheckSymbolExists.c.o
/usr/bin/cc     -o CMakeFiles/cmTC_f1b4c.dir/CheckSymbolExists.c.o   -c /home/robot/inmoov_ros/build/CMakeFiles/CMakeTmp/CheckSymbolExists.c
Linking C executable cmTC_f1b4c
/usr/bin/cmake -E cmake_link_script CMakeFiles/cmTC_f1b4c.dir/link.txt --verbose=1
/usr/bin/cc       CMakeFiles/cmTC_f1b4c.dir/CheckSymbolExists.c.o  -o cmTC_f1b4c -rdynamic 
CMakeFiles/cmTC_f1b4c.dir/CheckSymbolExists.c.o: In function `main':
CheckSymbolExists.c:(.text+0x16): undefined reference to `pthread_create'
collect2: error: ld returned 1 exit status
CMakeFiles/cmTC_f1b4c.dir/build.make:97: recipe for target 'cmTC_f1b4c' failed
make[1]: *** [cmTC_f1b4c] Error 1
make[1]: Leaving directory '/home/robot/inmoov_ros/build/CMakeFiles/CMakeTmp'
Makefile:126: recipe for target 'cmTC_f1b4c/fast' failed
make: *** [cmTC_f1b4c/fast] Error 2

File /home/robot/inmoov_ros/build/CMakeFiles/CMakeTmp/CheckSymbolExists.c:
/* */
#include <pthread.h>

int main(int argc, char** argv)
{
  (void)argv;
#ifndef pthread_create
  return ((int*)(&pthread_create))[argc];
#else
  (void)argc;
  return 0;
#endif
}

Determining if the function pthread_create exists in the pthreads failed with the following output:
Change Dir: /home/robot/inmoov_ros/build/CMakeFiles/CMakeTmp

Run Build Command:"/usr/bin/make" "cmTC_bbc2d/fast"
/usr/bin/make -f CMakeFiles/cmTC_bbc2d.dir/build.make CMakeFiles/cmTC_bbc2d.dir/build
make[1]: Entering directory '/home/robot/inmoov_ros/build/CMakeFiles/CMakeTmp'
Building C object CMakeFiles/cmTC_bbc2d.dir/CheckFunctionExists.c.o
/usr/bin/cc    -DCHECK_FUNCTION_EXISTS=pthread_create   -o CMakeFiles/cmTC_bbc2d.dir/CheckFunctionExists.c.o   -c /usr/share/cmake-3.5/Modules/CheckFunctionExists.c
Linking C executable cmTC_bbc2d
/usr/bin/cmake -E cmake_link_script CMakeFiles/cmTC_bbc2d.dir/link.txt --verbose=1
/usr/bin/cc   -DCHECK_FUNCTION_EXISTS=pthread_create    CMakeFiles/cmTC_bbc2d.dir/CheckFunctionExists.c.o  -o cmTC_bbc2d -rdynamic -lpthreads 
/usr/bin/ld: cannot find -lpthreads
collect2: error: ld returned 1 exit status
CMakeFiles/cmTC_bbc2d.dir/build.make:97: recipe for target 'cmTC_bbc2d' failed
make[1]: *** [cmTC_bbc2d] Error 1
make[1]: Leaving directory '/home/robot/inmoov_ros/build/CMakeFiles/CMakeTmp'
Makefile:126: recipe for target 'cmTC_bbc2d/fast' failed
make: *** [cmTC_bbc2d/fast] Error 2


Determining if the CL_VERSION_2_0 exist failed with the following output:
Change Dir: /home/robot/inmoov_ros/build/CMakeFiles/CMakeTmp

Run Build Command:"/usr/bin/make" "cmTC_f8ec9/fast"
/usr/bin/make -f CMakeFiles/cmTC_f8ec9.dir/build.make CMakeFiles/cmTC_f8ec9.dir/build
make[1]: Entering directory '/home/robot/inmoov_ros/build/CMakeFiles/CMakeTmp'
Building C object CMakeFiles/cmTC_f8ec9.dir/CheckSymbolExists.c.o
/usr/bin/cc     -o CMakeFiles/cmTC_f8ec9.dir/CheckSymbolExists.c.o   -c /home/robot/inmoov_ros/build/CMakeFiles/CMakeTmp/CheckSymbolExists.c
/home/robot/inmoov_ros/build/CMakeFiles/CMakeTmp/CheckSymbolExists.c:2:47: fatal error: OpenCL_INCLUDE_DIR-NOTFOUND/CL/cl.h: No such file or directory
compilation terminated.
CMakeFiles/cmTC_f8ec9.dir/build.make:65: recipe for target 'CMakeFiles/cmTC_f8ec9.dir/CheckSymbolExists.c.o' failed
make[1]: *** [CMakeFiles/cmTC_f8ec9.dir/CheckSymbolExists.c.o] Error 1
make[1]: Leaving directory '/home/robot/inmoov_ros/build/CMakeFiles/CMakeTmp'
Makefile:126: recipe for target 'cmTC_f8ec9/fast' failed
make: *** [cmTC_f8ec9/fast] Error 2

File /home/robot/inmoov_ros/build/CMakeFiles/CMakeTmp/CheckSymbolExists.c:
/* */
#include <OpenCL_INCLUDE_DIR-NOTFOUND/CL/cl.h>

int main(int argc, char** argv)
{
  (void)argv;
#ifndef CL_VERSION_2_0
  return ((int*)(&CL_VERSION_2_0))[argc];
#else
  (void)argc;
  return 0;
#endif
}

Determining if the CL_VERSION_1_2 exist failed with the following output:
Change Dir: /home/robot/inmoov_ros/build/CMakeFiles/CMakeTmp

Run Build Command:"/usr/bin/make" "cmTC_9ef6e/fast"
/usr/bin/make -f CMakeFiles/cmTC_9ef6e.dir/build.make CMakeFiles/cmTC_9ef6e.dir/build
make[1]: Entering directory '/home/robot/inmoov_ros/build/CMakeFiles/CMakeTmp'
Building C object CMakeFiles/cmTC_9ef6e.dir/CheckSymbolExists.c.o
/usr/bin/cc     -o CMakeFiles/cmTC_9ef6e.dir/CheckSymbolExists.c.o   -c /home/robot/inmoov_ros/build/CMakeFiles/CMakeTmp/CheckSymbolExists.c
/home/robot/inmoov_ros/build/CMakeFiles/CMakeTmp/CheckSymbolExists.c:2:47: fatal error: OpenCL_INCLUDE_DIR-NOTFOUND/CL/cl.h: No such file or directory
compilation terminated.
CMakeFiles/cmTC_9ef6e.dir/build.make:65: recipe for target 'CMakeFiles/cmTC_9ef6e.dir/CheckSymbolExists.c.o' failed
make[1]: *** [CMakeFiles/cmTC_9ef6e.dir/CheckSymbolExists.c.o] Error 1
make[1]: Leaving directory '/home/robot/inmoov_ros/build/CMakeFiles/CMakeTmp'
Makefile:126: recipe for target 'cmTC_9ef6e/fast' failed
make: *** [cmTC_9ef6e/fast] Error 2

File /home/robot/inmoov_ros/build/CMakeFiles/CMakeTmp/CheckSymbolExists.c:
/* */
#include <OpenCL_INCLUDE_DIR-NOTFOUND/CL/cl.h>

int main(int argc, char** argv)
{
  (void)argv;
#ifndef CL_VERSION_1_2
  return ((int*)(&CL_VERSION_1_2))[argc];
#else
  (void)argc;
  return 0;
#endif
}

Determining if the CL_VERSION_1_1 exist failed with the following output:
Change Dir: /home/robot/inmoov_ros/build/CMakeFiles/CMakeTmp

Run Build Command:"/usr/bin/make" "cmTC_bb5ad/fast"
/usr/bin/make -f CMakeFiles/cmTC_bb5ad.dir/build.make CMakeFiles/cmTC_bb5ad.dir/build
make[1]: Entering directory '/home/robot/inmoov_ros/build/CMakeFiles/CMakeTmp'
Building C object CMakeFiles/cmTC_bb5ad.dir/CheckSymbolExists.c.o
/usr/bin/cc     -o CMakeFiles/cmTC_bb5ad.dir/CheckSymbolExists.c.o   -c /home/robot/inmoov_ros/build/CMakeFiles/CMakeTmp/CheckSymbolExists.c
/home/robot/inmoov_ros/build/CMakeFiles/CMakeTmp/CheckSymbolExists.c:2:47: fatal error: OpenCL_INCLUDE_DIR-NOTFOUND/CL/cl.h: No such file or directory
compilation terminated.
CMakeFiles/cmTC_bb5ad.dir/build.make:65: recipe for target 'CMakeFiles/cmTC_bb5ad.dir/CheckSymbolExists.c.o' failed
make[1]: *** [CMakeFiles/cmTC_bb5ad.dir/CheckSymbolExists.c.o] Error 1
make[1]: Leaving directory '/home/robot/inmoov_ros/build/CMakeFiles/CMakeTmp'
Makefile:126: recipe for target 'cmTC_bb5ad/fast' failed
make: *** [cmTC_bb5ad/fast] Error 2

File /home/robot/inmoov_ros/build/CMakeFiles/CMakeTmp/CheckSymbolExists.c:
/* */
#include <OpenCL_INCLUDE_DIR-NOTFOUND/CL/cl.h>

int main(int argc, char** argv)
{
  (void)argv;
#ifndef CL_VERSION_1_1
  return ((int*)(&CL_VERSION_1_1))[argc];
#else
  (void)argc;
  return 0;
#endif
}

Determining if the CL_VERSION_1_0 exist failed with the following output:
Change Dir: /home/robot/inmoov_ros/build/CMakeFiles/CMakeTmp

Run Build Command:"/usr/bin/make" "cmTC_afde9/fast"
/usr/bin/make -f CMakeFiles/cmTC_afde9.dir/build.make CMakeFiles/cmTC_afde9.dir/build
make[1]: Entering directory '/home/robot/inmoov_ros/build/CMakeFiles/CMakeTmp'
Building C object CMakeFiles/cmTC_afde9.dir/CheckSymbolExists.c.o
/usr/bin/cc     -o CMakeFiles/cmTC_afde9.dir/CheckSymbolExists.c.o   -c /home/robot/inmoov_ros/build/CMakeFiles/CMakeTmp/CheckSymbolExists.c
/home/robot/inmoov_ros/build/CMakeFiles/CMakeTmp/CheckSymbolExists.c:2:47: fatal error: OpenCL_INCLUDE_DIR-NOTFOUND/CL/cl.h: No such file or directory
compilation terminated.
CMakeFiles/cmTC_afde9.dir/build.make:65: recipe for target 'CMakeFiles/cmTC_afde9.dir/CheckSymbolExists.c.o' failed
make[1]: *** [CMakeFiles/cmTC_afde9.dir/CheckSymbolExists.c.o] Error 1
make[1]: Leaving directory '/home/robot/inmoov_ros/build/CMakeFiles/CMakeTmp'
Makefile:126: recipe for target 'cmTC_afde9/fast' failed
make: *** [cmTC_afde9/fast] Error 2

File /home/robot/inmoov_ros/build/CMakeFiles/CMakeTmp/CheckSymbolExists.c:
/* */
#include <OpenCL_INCLUDE_DIR-NOTFOUND/CL/cl.h>

int main(int argc, char** argv)
{
  (void)argv;
#ifndef CL_VERSION_1_0
  return ((int*)(&CL_VERSION_1_0))[argc];
#else
  (void)argc;
  return 0;
#endif
}

